[0.160s] DEBUG:colcon:Command line arguments: ['/usr/bin/colcon', 'build']
[0.160s] DEBUG:colcon:Parsed command line arguments: Namespace(allow_overriding=[], ament_cmake_args=None, base_paths=['.'], build_base='build', catkin_cmake_args=None, catkin_skip_building_tests=False, cmake_args=None, cmake_clean_cache=False, cmake_clean_first=False, cmake_force_configure=False, cmake_target=None, cmake_target_skip_unavailable=False, continue_on_error=False, event_handlers=None, executor='parallel', ignore_user_meta=False, install_base='install', log_base=None, log_level=None, main=<bound method BuildVerb.main of <colcon_core.verb.build.BuildVerb object at 0x7f7943ebee20>>, merge_install=False, metas=['./colcon.meta'], mixin=None, mixin_files=None, mixin_verb=('build',), packages_above=None, packages_above_and_dependencies=None, packages_above_depth=None, packages_end=None, packages_ignore=None, packages_ignore_regex=None, packages_select=None, packages_select_build_failed=False, packages_select_by_dep=None, packages_select_regex=None, packages_select_test_failures=False, packages_skip=None, packages_skip_build_finished=False, packages_skip_by_dep=None, packages_skip_regex=None, packages_skip_test_passed=False, packages_skip_up_to=None, packages_start=None, packages_up_to=None, packages_up_to_regex=None, parallel_workers=12, paths=None, symlink_install=False, test_result_base=None, verb_extension=<colcon_core.verb.build.BuildVerb object at 0x7f7943ebee20>, verb_name='build', verb_parser=<colcon_mixin.mixin.mixin_argument.MixinArgumentDecorator object at 0x7f7943ecc340>)
[0.255s] Level 1:colcon.colcon_core.package_discovery:discover_packages(colcon_meta) check parameters
[0.255s] Level 1:colcon.colcon_core.package_discovery:discover_packages(recursive) check parameters
[0.255s] Level 1:colcon.colcon_core.package_discovery:discover_packages(ignore) check parameters
[0.255s] Level 1:colcon.colcon_core.package_discovery:discover_packages(path) check parameters
[0.255s] Level 1:colcon.colcon_core.package_discovery:discover_packages(colcon_meta) discover
[0.255s] Level 1:colcon.colcon_core.package_discovery:discover_packages(recursive) discover
[0.255s] INFO:colcon.colcon_core.package_discovery:Crawling recursively for packages in '/home/eiche/YXros/chapter7/chap7_ws'
[0.255s] Level 1:colcon.colcon_core.package_identification:_identify(.) by extensions ['ignore', 'ignore_ament_install']
[0.255s] Level 1:colcon.colcon_core.package_identification:_identify(.) by extension 'ignore'
[0.255s] Level 1:colcon.colcon_core.package_identification:_identify(.) by extension 'ignore_ament_install'
[0.255s] Level 1:colcon.colcon_core.package_identification:_identify(.) by extensions ['colcon_pkg']
[0.256s] Level 1:colcon.colcon_core.package_identification:_identify(.) by extension 'colcon_pkg'
[0.256s] Level 1:colcon.colcon_core.package_identification:_identify(.) by extensions ['colcon_meta']
[0.256s] Level 1:colcon.colcon_core.package_identification:_identify(.) by extension 'colcon_meta'
[0.256s] Level 1:colcon.colcon_core.package_identification:_identify(.) by extensions ['ros']
[0.256s] Level 1:colcon.colcon_core.package_identification:_identify(.) by extension 'ros'
[0.262s] Level 1:colcon.colcon_core.package_identification:_identify(.) by extensions ['cmake', 'python']
[0.262s] Level 1:colcon.colcon_core.package_identification:_identify(.) by extension 'cmake'
[0.262s] Level 1:colcon.colcon_core.package_identification:_identify(.) by extension 'python'
[0.262s] Level 1:colcon.colcon_core.package_identification:_identify(.) by extensions ['python_setup_py']
[0.262s] Level 1:colcon.colcon_core.package_identification:_identify(.) by extension 'python_setup_py'
[0.262s] Level 1:colcon.colcon_core.package_identification:_identify(build) by extensions ['ignore', 'ignore_ament_install']
[0.262s] Level 1:colcon.colcon_core.package_identification:_identify(build) by extension 'ignore'
[0.262s] Level 1:colcon.colcon_core.package_identification:_identify(build) ignored
[0.262s] Level 1:colcon.colcon_core.package_identification:_identify(fishbot_description) by extensions ['ignore', 'ignore_ament_install']
[0.262s] Level 1:colcon.colcon_core.package_identification:_identify(fishbot_description) by extension 'ignore'
[0.262s] Level 1:colcon.colcon_core.package_identification:_identify(fishbot_description) by extension 'ignore_ament_install'
[0.262s] Level 1:colcon.colcon_core.package_identification:_identify(fishbot_description) by extensions ['colcon_pkg']
[0.262s] Level 1:colcon.colcon_core.package_identification:_identify(fishbot_description) by extension 'colcon_pkg'
[0.262s] Level 1:colcon.colcon_core.package_identification:_identify(fishbot_description) by extensions ['colcon_meta']
[0.262s] Level 1:colcon.colcon_core.package_identification:_identify(fishbot_description) by extension 'colcon_meta'
[0.262s] Level 1:colcon.colcon_core.package_identification:_identify(fishbot_description) by extensions ['ros']
[0.262s] Level 1:colcon.colcon_core.package_identification:_identify(fishbot_description) by extension 'ros'
[0.264s] DEBUG:colcon.colcon_core.package_identification:Package 'fishbot_description' with type 'ros.ament_cmake' and name 'fishbot_description'
[0.264s] Level 1:colcon.colcon_core.package_identification:_identify(fishbot_navigation2) by extensions ['ignore', 'ignore_ament_install']
[0.264s] Level 1:colcon.colcon_core.package_identification:_identify(fishbot_navigation2) by extension 'ignore'
[0.264s] Level 1:colcon.colcon_core.package_identification:_identify(fishbot_navigation2) by extension 'ignore_ament_install'
[0.264s] Level 1:colcon.colcon_core.package_identification:_identify(fishbot_navigation2) by extensions ['colcon_pkg']
[0.264s] Level 1:colcon.colcon_core.package_identification:_identify(fishbot_navigation2) by extension 'colcon_pkg'
[0.264s] Level 1:colcon.colcon_core.package_identification:_identify(fishbot_navigation2) by extensions ['colcon_meta']
[0.264s] Level 1:colcon.colcon_core.package_identification:_identify(fishbot_navigation2) by extension 'colcon_meta'
[0.264s] Level 1:colcon.colcon_core.package_identification:_identify(fishbot_navigation2) by extensions ['ros']
[0.264s] Level 1:colcon.colcon_core.package_identification:_identify(fishbot_navigation2) by extension 'ros'
[0.265s] DEBUG:colcon.colcon_core.package_identification:Package 'fishbot_navigation2' with type 'ros.ament_cmake' and name 'fishbot_navigation2'
[0.265s] Level 1:colcon.colcon_core.package_identification:_identify(install) by extensions ['ignore', 'ignore_ament_install']
[0.265s] Level 1:colcon.colcon_core.package_identification:_identify(install) by extension 'ignore'
[0.265s] Level 1:colcon.colcon_core.package_identification:_identify(install) ignored
[0.265s] Level 1:colcon.colcon_core.package_identification:_identify(log) by extensions ['ignore', 'ignore_ament_install']
[0.265s] Level 1:colcon.colcon_core.package_identification:_identify(log) by extension 'ignore'
[0.265s] Level 1:colcon.colcon_core.package_identification:_identify(log) ignored
[0.265s] Level 1:colcon.colcon_core.package_discovery:discover_packages(recursive) using defaults
[0.265s] Level 1:colcon.colcon_core.package_discovery:discover_packages(ignore) discover
[0.265s] Level 1:colcon.colcon_core.package_discovery:discover_packages(ignore) using defaults
[0.265s] Level 1:colcon.colcon_core.package_discovery:discover_packages(path) discover
[0.265s] Level 1:colcon.colcon_core.package_discovery:discover_packages(path) using defaults
[0.284s] Level 1:colcon.colcon_core.package_discovery:discover_packages(prefix_path) check parameters
[0.284s] Level 1:colcon.colcon_core.package_discovery:discover_packages(prefix_path) discover
[0.286s] DEBUG:colcon.colcon_installed_package_information.package_discovery:Found 2 installed packages in /home/eiche/YXros/chapter7/chap7_ws/install
[0.286s] DEBUG:colcon.colcon_installed_package_information.package_discovery:Found 4 installed packages in /home/eiche/workspace/install
[0.287s] DEBUG:colcon.colcon_installed_package_information.package_discovery:Found 337 installed packages in /opt/ros/galactic
[0.288s] Level 1:colcon.colcon_core.package_discovery:discover_packages(prefix_path) using defaults
[0.335s] Level 5:colcon.colcon_core.verb:set package 'fishbot_description' build argument 'cmake_args' from command line to 'None'
[0.335s] Level 5:colcon.colcon_core.verb:set package 'fishbot_description' build argument 'cmake_target' from command line to 'None'
[0.335s] Level 5:colcon.colcon_core.verb:set package 'fishbot_description' build argument 'cmake_target_skip_unavailable' from command line to 'False'
[0.335s] Level 5:colcon.colcon_core.verb:set package 'fishbot_description' build argument 'cmake_clean_cache' from command line to 'False'
[0.335s] Level 5:colcon.colcon_core.verb:set package 'fishbot_description' build argument 'cmake_clean_first' from command line to 'False'
[0.335s] Level 5:colcon.colcon_core.verb:set package 'fishbot_description' build argument 'cmake_force_configure' from command line to 'False'
[0.335s] Level 5:colcon.colcon_core.verb:set package 'fishbot_description' build argument 'ament_cmake_args' from command line to 'None'
[0.335s] Level 5:colcon.colcon_core.verb:set package 'fishbot_description' build argument 'catkin_cmake_args' from command line to 'None'
[0.335s] Level 5:colcon.colcon_core.verb:set package 'fishbot_description' build argument 'catkin_skip_building_tests' from command line to 'False'
[0.335s] DEBUG:colcon.colcon_core.verb:Building package 'fishbot_description' with the following arguments: {'ament_cmake_args': None, 'build_base': '/home/eiche/YXros/chapter7/chap7_ws/build/fishbot_description', 'catkin_cmake_args': None, 'catkin_skip_building_tests': False, 'cmake_args': None, 'cmake_clean_cache': False, 'cmake_clean_first': False, 'cmake_force_configure': False, 'cmake_target': None, 'cmake_target_skip_unavailable': False, 'install_base': '/home/eiche/YXros/chapter7/chap7_ws/install/fishbot_description', 'merge_install': False, 'path': '/home/eiche/YXros/chapter7/chap7_ws/fishbot_description', 'symlink_install': False, 'test_result_base': None}
[0.336s] Level 5:colcon.colcon_core.verb:set package 'fishbot_navigation2' build argument 'cmake_args' from command line to 'None'
[0.336s] Level 5:colcon.colcon_core.verb:set package 'fishbot_navigation2' build argument 'cmake_target' from command line to 'None'
[0.336s] Level 5:colcon.colcon_core.verb:set package 'fishbot_navigation2' build argument 'cmake_target_skip_unavailable' from command line to 'False'
[0.336s] Level 5:colcon.colcon_core.verb:set package 'fishbot_navigation2' build argument 'cmake_clean_cache' from command line to 'False'
[0.336s] Level 5:colcon.colcon_core.verb:set package 'fishbot_navigation2' build argument 'cmake_clean_first' from command line to 'False'
[0.336s] Level 5:colcon.colcon_core.verb:set package 'fishbot_navigation2' build argument 'cmake_force_configure' from command line to 'False'
[0.336s] Level 5:colcon.colcon_core.verb:set package 'fishbot_navigation2' build argument 'ament_cmake_args' from command line to 'None'
[0.336s] Level 5:colcon.colcon_core.verb:set package 'fishbot_navigation2' build argument 'catkin_cmake_args' from command line to 'None'
[0.336s] Level 5:colcon.colcon_core.verb:set package 'fishbot_navigation2' build argument 'catkin_skip_building_tests' from command line to 'False'
[0.336s] DEBUG:colcon.colcon_core.verb:Building package 'fishbot_navigation2' with the following arguments: {'ament_cmake_args': None, 'build_base': '/home/eiche/YXros/chapter7/chap7_ws/build/fishbot_navigation2', 'catkin_cmake_args': None, 'catkin_skip_building_tests': False, 'cmake_args': None, 'cmake_clean_cache': False, 'cmake_clean_first': False, 'cmake_force_configure': False, 'cmake_target': None, 'cmake_target_skip_unavailable': False, 'install_base': '/home/eiche/YXros/chapter7/chap7_ws/install/fishbot_navigation2', 'merge_install': False, 'path': '/home/eiche/YXros/chapter7/chap7_ws/fishbot_navigation2', 'symlink_install': False, 'test_result_base': None}
[0.336s] INFO:colcon.colcon_core.executor:Executing jobs using 'parallel' executor
[0.337s] DEBUG:colcon.colcon_parallel_executor.executor.parallel:run_until_complete
[0.337s] INFO:colcon.colcon_ros.task.ament_cmake.build:Building ROS package in '/home/eiche/YXros/chapter7/chap7_ws/fishbot_description' with build type 'ament_cmake'
[0.337s] INFO:colcon.colcon_cmake.task.cmake.build:Building CMake package in '/home/eiche/YXros/chapter7/chap7_ws/fishbot_description'
[0.340s] INFO:colcon.colcon_core.plugin_system:Skipping extension 'colcon_core.shell.bat': Not used on non-Windows systems
[0.340s] INFO:colcon.colcon_core.shell:Skip shell extension 'powershell' for command environment: Not usable outside of PowerShell
[0.340s] DEBUG:colcon.colcon_core.shell:Skip shell extension 'dsv' for command environment
[0.344s] INFO:colcon.colcon_ros.task.ament_cmake.build:Building ROS package in '/home/eiche/YXros/chapter7/chap7_ws/fishbot_navigation2' with build type 'ament_cmake'
[0.344s] INFO:colcon.colcon_cmake.task.cmake.build:Building CMake package in '/home/eiche/YXros/chapter7/chap7_ws/fishbot_navigation2'
[0.344s] INFO:colcon.colcon_core.shell:Skip shell extension 'powershell' for command environment: Not usable outside of PowerShell
[0.344s] DEBUG:colcon.colcon_core.shell:Skip shell extension 'dsv' for command environment
[0.351s] DEBUG:colcon.colcon_core.event_handler.log_command:Invoking command in '/home/eiche/YXros/chapter7/chap7_ws/build/fishbot_description': CMAKE_PREFIX_PATH=${CMAKE_PREFIX_PATH}:/opt/ros/galactic /usr/bin/cmake --build /home/eiche/YXros/chapter7/chap7_ws/build/fishbot_description -- -j12 -l12
[0.356s] DEBUG:colcon.colcon_core.event_handler.log_command:Invoking command in '/home/eiche/YXros/chapter7/chap7_ws/build/fishbot_navigation2': CMAKE_PREFIX_PATH=${CMAKE_PREFIX_PATH}:/opt/ros/galactic /usr/bin/cmake --build /home/eiche/YXros/chapter7/chap7_ws/build/fishbot_navigation2 -- -j12 -l12
[0.390s] DEBUG:colcon.colcon_core.event_handler.log_command:Invoked command in '/home/eiche/YXros/chapter7/chap7_ws/build/fishbot_navigation2' returned '0': CMAKE_PREFIX_PATH=${CMAKE_PREFIX_PATH}:/opt/ros/galactic /usr/bin/cmake --build /home/eiche/YXros/chapter7/chap7_ws/build/fishbot_navigation2 -- -j12 -l12
[0.392s] DEBUG:colcon.colcon_core.event_handler.log_command:Invoked command in '/home/eiche/YXros/chapter7/chap7_ws/build/fishbot_description' returned '0': CMAKE_PREFIX_PATH=${CMAKE_PREFIX_PATH}:/opt/ros/galactic /usr/bin/cmake --build /home/eiche/YXros/chapter7/chap7_ws/build/fishbot_description -- -j12 -l12
[0.410s] DEBUG:colcon.colcon_core.event_handler.log_command:Invoking command in '/home/eiche/YXros/chapter7/chap7_ws/build/fishbot_navigation2': CMAKE_PREFIX_PATH=${CMAKE_PREFIX_PATH}:/opt/ros/galactic /usr/bin/cmake --install /home/eiche/YXros/chapter7/chap7_ws/build/fishbot_navigation2
[0.413s] DEBUG:colcon.colcon_core.event_handler.log_command:Invoking command in '/home/eiche/YXros/chapter7/chap7_ws/build/fishbot_description': CMAKE_PREFIX_PATH=${CMAKE_PREFIX_PATH}:/opt/ros/galactic /usr/bin/cmake --install /home/eiche/YXros/chapter7/chap7_ws/build/fishbot_description
[0.417s] Level 1:colcon.colcon_core.environment:create_environment_scripts_only(fishbot_navigation2)
[0.419s] DEBUG:colcon.colcon_core.event_handler.log_command:Invoked command in '/home/eiche/YXros/chapter7/chap7_ws/build/fishbot_navigation2' returned '0': CMAKE_PREFIX_PATH=${CMAKE_PREFIX_PATH}:/opt/ros/galactic /usr/bin/cmake --install /home/eiche/YXros/chapter7/chap7_ws/build/fishbot_navigation2
[0.424s] Level 1:colcon.colcon_core.environment:checking '/home/eiche/YXros/chapter7/chap7_ws/install/fishbot_navigation2' for CMake module files
[0.424s] Level 1:colcon.colcon_core.environment:checking '/home/eiche/YXros/chapter7/chap7_ws/install/fishbot_navigation2' for CMake config files
[0.424s] Level 1:colcon.colcon_core.shell:create_environment_hook('fishbot_navigation2', 'cmake_prefix_path')
[0.425s] INFO:colcon.colcon_core.shell:Creating environment hook '/home/eiche/YXros/chapter7/chap7_ws/install/fishbot_navigation2/share/fishbot_navigation2/hook/cmake_prefix_path.ps1'
[0.425s] INFO:colcon.colcon_core.shell:Creating environment descriptor '/home/eiche/YXros/chapter7/chap7_ws/install/fishbot_navigation2/share/fishbot_navigation2/hook/cmake_prefix_path.dsv'
[0.426s] INFO:colcon.colcon_core.shell:Creating environment hook '/home/eiche/YXros/chapter7/chap7_ws/install/fishbot_navigation2/share/fishbot_navigation2/hook/cmake_prefix_path.sh'
[0.426s] Level 1:colcon.colcon_core.environment:checking '/home/eiche/YXros/chapter7/chap7_ws/install/fishbot_navigation2/bin'
[0.426s] Level 1:colcon.colcon_core.environment:checking '/home/eiche/YXros/chapter7/chap7_ws/install/fishbot_navigation2/lib/pkgconfig/fishbot_navigation2.pc'
[0.427s] Level 1:colcon.colcon_core.environment:checking '/home/eiche/YXros/chapter7/chap7_ws/install/fishbot_navigation2/lib/python3.8/site-packages'
[0.427s] Level 1:colcon.colcon_core.environment:checking '/home/eiche/YXros/chapter7/chap7_ws/install/fishbot_navigation2/bin'
[0.427s] INFO:colcon.colcon_core.shell:Creating package script '/home/eiche/YXros/chapter7/chap7_ws/install/fishbot_navigation2/share/fishbot_navigation2/package.ps1'
[0.428s] INFO:colcon.colcon_core.shell:Creating package descriptor '/home/eiche/YXros/chapter7/chap7_ws/install/fishbot_navigation2/share/fishbot_navigation2/package.dsv'
[0.428s] INFO:colcon.colcon_core.shell:Creating package script '/home/eiche/YXros/chapter7/chap7_ws/install/fishbot_navigation2/share/fishbot_navigation2/package.sh'
[0.428s] INFO:colcon.colcon_core.shell:Creating package script '/home/eiche/YXros/chapter7/chap7_ws/install/fishbot_navigation2/share/fishbot_navigation2/package.bash'
[0.429s] INFO:colcon.colcon_core.shell:Creating package script '/home/eiche/YXros/chapter7/chap7_ws/install/fishbot_navigation2/share/fishbot_navigation2/package.zsh'
[0.430s] Level 1:colcon.colcon_core.environment:create_file_with_runtime_dependencies(/home/eiche/YXros/chapter7/chap7_ws/install/fishbot_navigation2/share/colcon-core/packages/fishbot_navigation2)
[0.432s] Level 1:colcon.colcon_core.environment:create_environment_scripts_only(fishbot_description)
[0.432s] Level 1:colcon.colcon_core.environment:checking '/home/eiche/YXros/chapter7/chap7_ws/install/fishbot_description' for CMake module files
[0.433s] DEBUG:colcon.colcon_core.event_handler.log_command:Invoked command in '/home/eiche/YXros/chapter7/chap7_ws/build/fishbot_description' returned '0': CMAKE_PREFIX_PATH=${CMAKE_PREFIX_PATH}:/opt/ros/galactic /usr/bin/cmake --install /home/eiche/YXros/chapter7/chap7_ws/build/fishbot_description
[0.433s] Level 1:colcon.colcon_core.environment:checking '/home/eiche/YXros/chapter7/chap7_ws/install/fishbot_description' for CMake config files
[0.433s] Level 1:colcon.colcon_core.shell:create_environment_hook('fishbot_description', 'cmake_prefix_path')
[0.433s] INFO:colcon.colcon_core.shell:Creating environment hook '/home/eiche/YXros/chapter7/chap7_ws/install/fishbot_description/share/fishbot_description/hook/cmake_prefix_path.ps1'
[0.434s] INFO:colcon.colcon_core.shell:Creating environment descriptor '/home/eiche/YXros/chapter7/chap7_ws/install/fishbot_description/share/fishbot_description/hook/cmake_prefix_path.dsv'
[0.434s] INFO:colcon.colcon_core.shell:Creating environment hook '/home/eiche/YXros/chapter7/chap7_ws/install/fishbot_description/share/fishbot_description/hook/cmake_prefix_path.sh'
[0.434s] Level 1:colcon.colcon_core.environment:checking '/home/eiche/YXros/chapter7/chap7_ws/install/fishbot_description/bin'
[0.434s] Level 1:colcon.colcon_core.environment:checking '/home/eiche/YXros/chapter7/chap7_ws/install/fishbot_description/lib/pkgconfig/fishbot_description.pc'
[0.434s] Level 1:colcon.colcon_core.environment:checking '/home/eiche/YXros/chapter7/chap7_ws/install/fishbot_description/lib/python3.8/site-packages'
[0.434s] Level 1:colcon.colcon_core.environment:checking '/home/eiche/YXros/chapter7/chap7_ws/install/fishbot_description/bin'
[0.435s] INFO:colcon.colcon_core.shell:Creating package script '/home/eiche/YXros/chapter7/chap7_ws/install/fishbot_description/share/fishbot_description/package.ps1'
[0.435s] INFO:colcon.colcon_core.shell:Creating package descriptor '/home/eiche/YXros/chapter7/chap7_ws/install/fishbot_description/share/fishbot_description/package.dsv'
[0.435s] INFO:colcon.colcon_core.shell:Creating package script '/home/eiche/YXros/chapter7/chap7_ws/install/fishbot_description/share/fishbot_description/package.sh'
[0.435s] INFO:colcon.colcon_core.shell:Creating package script '/home/eiche/YXros/chapter7/chap7_ws/install/fishbot_description/share/fishbot_description/package.bash'
[0.436s] INFO:colcon.colcon_core.shell:Creating package script '/home/eiche/YXros/chapter7/chap7_ws/install/fishbot_description/share/fishbot_description/package.zsh'
[0.436s] Level 1:colcon.colcon_core.environment:create_file_with_runtime_dependencies(/home/eiche/YXros/chapter7/chap7_ws/install/fishbot_description/share/colcon-core/packages/fishbot_description)
[0.443s] Level 1:colcon.colcon_core.environment:create_environment_scripts_only(fishbot_navigation2)
[0.443s] Level 1:colcon.colcon_core.environment:checking '/home/eiche/YXros/chapter7/chap7_ws/install/fishbot_navigation2' for CMake module files
[0.444s] Level 1:colcon.colcon_core.environment:checking '/home/eiche/YXros/chapter7/chap7_ws/install/fishbot_navigation2' for CMake config files
[0.444s] Level 1:colcon.colcon_core.shell:create_environment_hook('fishbot_navigation2', 'cmake_prefix_path')
[0.444s] INFO:colcon.colcon_core.shell:Creating environment hook '/home/eiche/YXros/chapter7/chap7_ws/install/fishbot_navigation2/share/fishbot_navigation2/hook/cmake_prefix_path.ps1'
[0.445s] INFO:colcon.colcon_core.shell:Creating environment descriptor '/home/eiche/YXros/chapter7/chap7_ws/install/fishbot_navigation2/share/fishbot_navigation2/hook/cmake_prefix_path.dsv'
[0.445s] INFO:colcon.colcon_core.shell:Creating environment hook '/home/eiche/YXros/chapter7/chap7_ws/install/fishbot_navigation2/share/fishbot_navigation2/hook/cmake_prefix_path.sh'
[0.446s] Level 1:colcon.colcon_core.environment:checking '/home/eiche/YXros/chapter7/chap7_ws/install/fishbot_navigation2/bin'
[0.446s] Level 1:colcon.colcon_core.environment:checking '/home/eiche/YXros/chapter7/chap7_ws/install/fishbot_navigation2/lib/pkgconfig/fishbot_navigation2.pc'
[0.446s] Level 1:colcon.colcon_core.environment:checking '/home/eiche/YXros/chapter7/chap7_ws/install/fishbot_navigation2/lib/python3.8/site-packages'
[0.447s] Level 1:colcon.colcon_core.environment:checking '/home/eiche/YXros/chapter7/chap7_ws/install/fishbot_navigation2/bin'
[0.447s] INFO:colcon.colcon_core.shell:Creating package script '/home/eiche/YXros/chapter7/chap7_ws/install/fishbot_navigation2/share/fishbot_navigation2/package.ps1'
[0.448s] INFO:colcon.colcon_core.shell:Creating package descriptor '/home/eiche/YXros/chapter7/chap7_ws/install/fishbot_navigation2/share/fishbot_navigation2/package.dsv'
[0.448s] INFO:colcon.colcon_core.shell:Creating package script '/home/eiche/YXros/chapter7/chap7_ws/install/fishbot_navigation2/share/fishbot_navigation2/package.sh'
[0.449s] INFO:colcon.colcon_core.shell:Creating package script '/home/eiche/YXros/chapter7/chap7_ws/install/fishbot_navigation2/share/fishbot_navigation2/package.bash'
[0.449s] INFO:colcon.colcon_core.shell:Creating package script '/home/eiche/YXros/chapter7/chap7_ws/install/fishbot_navigation2/share/fishbot_navigation2/package.zsh'
[0.450s] Level 1:colcon.colcon_core.environment:create_file_with_runtime_dependencies(/home/eiche/YXros/chapter7/chap7_ws/install/fishbot_navigation2/share/colcon-core/packages/fishbot_navigation2)
[0.451s] Level 1:colcon.colcon_core.environment:create_environment_scripts_only(fishbot_description)
[0.451s] Level 1:colcon.colcon_core.environment:checking '/home/eiche/YXros/chapter7/chap7_ws/install/fishbot_description' for CMake module files
[0.451s] Level 1:colcon.colcon_core.environment:checking '/home/eiche/YXros/chapter7/chap7_ws/install/fishbot_description' for CMake config files
[0.452s] Level 1:colcon.colcon_core.shell:create_environment_hook('fishbot_description', 'cmake_prefix_path')
[0.452s] INFO:colcon.colcon_core.shell:Creating environment hook '/home/eiche/YXros/chapter7/chap7_ws/install/fishbot_description/share/fishbot_description/hook/cmake_prefix_path.ps1'
[0.453s] INFO:colcon.colcon_core.shell:Creating environment descriptor '/home/eiche/YXros/chapter7/chap7_ws/install/fishbot_description/share/fishbot_description/hook/cmake_prefix_path.dsv'
[0.453s] INFO:colcon.colcon_core.shell:Creating environment hook '/home/eiche/YXros/chapter7/chap7_ws/install/fishbot_description/share/fishbot_description/hook/cmake_prefix_path.sh'
[0.453s] Level 1:colcon.colcon_core.environment:checking '/home/eiche/YXros/chapter7/chap7_ws/install/fishbot_description/bin'
[0.454s] Level 1:colcon.colcon_core.environment:checking '/home/eiche/YXros/chapter7/chap7_ws/install/fishbot_description/lib/pkgconfig/fishbot_description.pc'
[0.454s] Level 1:colcon.colcon_core.environment:checking '/home/eiche/YXros/chapter7/chap7_ws/install/fishbot_description/lib/python3.8/site-packages'
[0.454s] Level 1:colcon.colcon_core.environment:checking '/home/eiche/YXros/chapter7/chap7_ws/install/fishbot_description/bin'
[0.454s] INFO:colcon.colcon_core.shell:Creating package script '/home/eiche/YXros/chapter7/chap7_ws/install/fishbot_description/share/fishbot_description/package.ps1'
[0.455s] INFO:colcon.colcon_core.shell:Creating package descriptor '/home/eiche/YXros/chapter7/chap7_ws/install/fishbot_description/share/fishbot_description/package.dsv'
[0.455s] INFO:colcon.colcon_core.shell:Creating package script '/home/eiche/YXros/chapter7/chap7_ws/install/fishbot_description/share/fishbot_description/package.sh'
[0.456s] INFO:colcon.colcon_core.shell:Creating package script '/home/eiche/YXros/chapter7/chap7_ws/install/fishbot_description/share/fishbot_description/package.bash'
[0.456s] INFO:colcon.colcon_core.shell:Creating package script '/home/eiche/YXros/chapter7/chap7_ws/install/fishbot_description/share/fishbot_description/package.zsh'
[0.457s] Level 1:colcon.colcon_core.environment:create_file_with_runtime_dependencies(/home/eiche/YXros/chapter7/chap7_ws/install/fishbot_description/share/colcon-core/packages/fishbot_description)
[0.457s] DEBUG:colcon.colcon_parallel_executor.executor.parallel:closing loop
[0.457s] DEBUG:colcon.colcon_parallel_executor.executor.parallel:loop closed
[0.457s] DEBUG:colcon.colcon_parallel_executor.executor.parallel:run_until_complete finished with '0'
[0.457s] DEBUG:colcon.colcon_core.event_reactor:joining thread
[0.462s] INFO:colcon.colcon_core.plugin_system:Skipping extension 'colcon_notification.desktop_notification.terminal_notifier': Not used on non-Darwin systems
[0.463s] INFO:colcon.colcon_core.plugin_system:Skipping extension 'colcon_notification.desktop_notification.win32': Not used on non-Windows systems
[0.463s] INFO:colcon.colcon_notification.desktop_notification:Sending desktop notification using 'notify2'
[0.477s] DEBUG:colcon.colcon_core.event_reactor:joined thread
[0.477s] INFO:colcon.colcon_core.shell:Creating prefix script '/home/eiche/YXros/chapter7/chap7_ws/install/local_setup.ps1'
[0.478s] INFO:colcon.colcon_core.shell:Creating prefix util module '/home/eiche/YXros/chapter7/chap7_ws/install/_local_setup_util_ps1.py'
[0.479s] INFO:colcon.colcon_core.shell:Creating prefix chain script '/home/eiche/YXros/chapter7/chap7_ws/install/setup.ps1'
[0.480s] INFO:colcon.colcon_core.shell:Creating prefix script '/home/eiche/YXros/chapter7/chap7_ws/install/local_setup.sh'
[0.481s] INFO:colcon.colcon_core.shell:Creating prefix util module '/home/eiche/YXros/chapter7/chap7_ws/install/_local_setup_util_sh.py'
[0.481s] INFO:colcon.colcon_core.shell:Creating prefix chain script '/home/eiche/YXros/chapter7/chap7_ws/install/setup.sh'
[0.482s] INFO:colcon.colcon_core.shell:Creating prefix script '/home/eiche/YXros/chapter7/chap7_ws/install/local_setup.bash'
[0.482s] INFO:colcon.colcon_core.shell:Creating prefix chain script '/home/eiche/YXros/chapter7/chap7_ws/install/setup.bash'
[0.483s] INFO:colcon.colcon_core.shell:Creating prefix script '/home/eiche/YXros/chapter7/chap7_ws/install/local_setup.zsh'
[0.483s] INFO:colcon.colcon_core.shell:Creating prefix chain script '/home/eiche/YXros/chapter7/chap7_ws/install/setup.zsh'
