[0.016s] Invoking command in '/home/eiche/YXros/chapter7/chap7_ws/build/fishbot_description': CMAKE_PREFIX_PATH=/opt/ros/galactic:${CMAKE_PREFIX_PATH} /usr/bin/cmake --build /home/eiche/YXros/chapter7/chap7_ws/build/fishbot_description -- -j12 -l12
[0.058s] Invoked command in '/home/eiche/YXros/chapter7/chap7_ws/build/fishbot_description' returned '0': CMAKE_PREFIX_PATH=/opt/ros/galactic:${CMAKE_PREFIX_PATH} /usr/bin/cmake --build /home/eiche/YXros/chapter7/chap7_ws/build/fishbot_description -- -j12 -l12
[0.080s] Invoking command in '/home/eiche/YXros/chapter7/chap7_ws/build/fishbot_description': CMAKE_PREFIX_PATH=/opt/ros/galactic:${CMAKE_PREFIX_PATH} /usr/bin/cmake --install /home/eiche/YXros/chapter7/chap7_ws/build/fishbot_description
[0.085s] -- Install configuration: ""
[0.085s] -- Up-to-date: /home/eiche/YXros/chapter7/chap7_ws/install/fishbot_description/share/fishbot_description/launch
[0.085s] -- Up-to-date: /home/eiche/YXros/chapter7/chap7_ws/install/fishbot_description/share/fishbot_description/launch/gazebo.sim.launch.py
[0.085s] -- Up-to-date: /home/eiche/YXros/chapter7/chap7_ws/install/fishbot_description/share/fishbot_description/launch/__pycache__
[0.085s] -- Up-to-date: /home/eiche/YXros/chapter7/chap7_ws/install/fishbot_description/share/fishbot_description/launch/__pycache__/display_robot.launch.cpython-38.pyc
[0.085s] -- Up-to-date: /home/eiche/YXros/chapter7/chap7_ws/install/fishbot_description/share/fishbot_description/launch/display_robot.launch.py
[0.085s] -- Up-to-date: /home/eiche/YXros/chapter7/chap7_ws/install/fishbot_description/share/fishbot_description/urdf
[0.085s] -- Up-to-date: /home/eiche/YXros/chapter7/chap7_ws/install/fishbot_description/share/fishbot_description/urdf/first_robot.pdf
[0.085s] -- Up-to-date: /home/eiche/YXros/chapter7/chap7_ws/install/fishbot_description/share/fishbot_description/urdf/first_robot.urdf
[0.085s] -- Up-to-date: /home/eiche/YXros/chapter7/chap7_ws/install/fishbot_description/share/fishbot_description/urdf/first_robot.gv
[0.085s] -- Up-to-date: /home/eiche/YXros/chapter7/chap7_ws/install/fishbot_description/share/fishbot_description/urdf/fishbot
[0.085s] -- Up-to-date: /home/eiche/YXros/chapter7/chap7_ws/install/fishbot_description/share/fishbot_description/urdf/fishbot/base.urdf.xacro
[0.085s] -- Up-to-date: /home/eiche/YXros/chapter7/chap7_ws/install/fishbot_description/share/fishbot_description/urdf/fishbot/plugins
[0.085s] -- Up-to-date: /home/eiche/YXros/chapter7/chap7_ws/install/fishbot_description/share/fishbot_description/urdf/fishbot/plugins/gazebo_sensor_plugin.xacro
[0.085s] -- Up-to-date: /home/eiche/YXros/chapter7/chap7_ws/install/fishbot_description/share/fishbot_description/urdf/fishbot/plugins/gazebo_control_plugin.xacro
[0.085s] -- Up-to-date: /home/eiche/YXros/chapter7/chap7_ws/install/fishbot_description/share/fishbot_description/urdf/fishbot/fishbot.ros2_control.xacro
[0.085s] -- Up-to-date: /home/eiche/YXros/chapter7/chap7_ws/install/fishbot_description/share/fishbot_description/urdf/fishbot/actuator
[0.086s] -- Up-to-date: /home/eiche/YXros/chapter7/chap7_ws/install/fishbot_description/share/fishbot_description/urdf/fishbot/actuator/wheel.urdf.xacro
[0.086s] -- Up-to-date: /home/eiche/YXros/chapter7/chap7_ws/install/fishbot_description/share/fishbot_description/urdf/fishbot/actuator/caster.urdf.xacro
[0.086s] -- Up-to-date: /home/eiche/YXros/chapter7/chap7_ws/install/fishbot_description/share/fishbot_description/urdf/fishbot/commen_inertia.xacro
[0.086s] -- Up-to-date: /home/eiche/YXros/chapter7/chap7_ws/install/fishbot_description/share/fishbot_description/urdf/fishbot/sensor
[0.086s] -- Up-to-date: /home/eiche/YXros/chapter7/chap7_ws/install/fishbot_description/share/fishbot_description/urdf/fishbot/sensor/camera.urdf.xacro
[0.086s] -- Up-to-date: /home/eiche/YXros/chapter7/chap7_ws/install/fishbot_description/share/fishbot_description/urdf/fishbot/sensor/imu.urdf.xacro
[0.086s] -- Up-to-date: /home/eiche/YXros/chapter7/chap7_ws/install/fishbot_description/share/fishbot_description/urdf/fishbot/sensor/lidar.urdf.xacro
[0.086s] -- Up-to-date: /home/eiche/YXros/chapter7/chap7_ws/install/fishbot_description/share/fishbot_description/urdf/fishbot/fishbot.urdf.xacro
[0.086s] -- Up-to-date: /home/eiche/YXros/chapter7/chap7_ws/install/fishbot_description/share/fishbot_description/urdf/first_robot.xacro
[0.086s] -- Up-to-date: /home/eiche/YXros/chapter7/chap7_ws/install/fishbot_description/share/fishbot_description/config
[0.086s] -- Up-to-date: /home/eiche/YXros/chapter7/chap7_ws/install/fishbot_description/share/fishbot_description/config/fishbot_ros2_controller.yaml
[0.086s] -- Up-to-date: /home/eiche/YXros/chapter7/chap7_ws/install/fishbot_description/share/fishbot_description/config/display_robot_model.rviz
[0.086s] -- Up-to-date: /home/eiche/YXros/chapter7/chap7_ws/install/fishbot_description/share/fishbot_description/world
[0.086s] -- Up-to-date: /home/eiche/YXros/chapter7/chap7_ws/install/fishbot_description/share/fishbot_description/world/warehouse (copy).world
[0.087s] -- Up-to-date: /home/eiche/YXros/chapter7/chap7_ws/install/fishbot_description/share/fishbot_description/world/warehouse.world
[0.087s] -- Up-to-date: /home/eiche/YXros/chapter7/chap7_ws/install/fishbot_description/share/fishbot_description/world/lager
[0.087s] -- Up-to-date: /home/eiche/YXros/chapter7/chap7_ws/install/fishbot_description/share/fishbot_description/world/lager/lager
[0.087s] -- Up-to-date: /home/eiche/YXros/chapter7/chap7_ws/install/fishbot_description/share/fishbot_description/world/lager/lager/warehouse.world
[0.087s] -- Up-to-date: /home/eiche/YXros/chapter7/chap7_ws/install/fishbot_description/share/fishbot_description/world/lager/lager/model.sdf
[0.087s] -- Up-to-date: /home/eiche/YXros/chapter7/chap7_ws/install/fishbot_description/share/fishbot_description/world/lager/lager/model.config
[0.087s] -- Up-to-date: /home/eiche/YXros/chapter7/chap7_ws/install/fishbot_description/share/fishbot_description/world/custom_room.world
[0.087s] -- Up-to-date: /home/eiche/YXros/chapter7/chap7_ws/install/fishbot_description/share/fishbot_description/world/room2
[0.087s] -- Up-to-date: /home/eiche/YXros/chapter7/chap7_ws/install/fishbot_description/share/fishbot_description/world/room2/model.sdf
[0.087s] -- Up-to-date: /home/eiche/YXros/chapter7/chap7_ws/install/fishbot_description/share/fishbot_description/world/room2/model.config
[0.087s] -- Up-to-date: /home/eiche/YXros/chapter7/chap7_ws/install/fishbot_description/share/fishbot_description/world/sudo_room
[0.087s] -- Up-to-date: /home/eiche/YXros/chapter7/chap7_ws/install/fishbot_description/share/fishbot_description/world/sudo_room/model.config
[0.087s] -- Up-to-date: /home/eiche/YXros/chapter7/chap7_ws/install/fishbot_description/share/fishbot_description/world/sudo_room/custiom_room.world
[0.087s] -- Up-to-date: /home/eiche/YXros/chapter7/chap7_ws/install/fishbot_description/share/ament_index/resource_index/package_run_dependencies/fishbot_description
[0.087s] -- Up-to-date: /home/eiche/YXros/chapter7/chap7_ws/install/fishbot_description/share/ament_index/resource_index/parent_prefix_path/fishbot_description
[0.087s] -- Up-to-date: /home/eiche/YXros/chapter7/chap7_ws/install/fishbot_description/share/fishbot_description/environment/ament_prefix_path.sh
[0.087s] -- Up-to-date: /home/eiche/YXros/chapter7/chap7_ws/install/fishbot_description/share/fishbot_description/environment/ament_prefix_path.dsv
[0.087s] -- Up-to-date: /home/eiche/YXros/chapter7/chap7_ws/install/fishbot_description/share/fishbot_description/environment/path.sh
[0.087s] -- Up-to-date: /home/eiche/YXros/chapter7/chap7_ws/install/fishbot_description/share/fishbot_description/environment/path.dsv
[0.087s] -- Up-to-date: /home/eiche/YXros/chapter7/chap7_ws/install/fishbot_description/share/fishbot_description/local_setup.bash
[0.087s] -- Up-to-date: /home/eiche/YXros/chapter7/chap7_ws/install/fishbot_description/share/fishbot_description/local_setup.sh
[0.087s] -- Up-to-date: /home/eiche/YXros/chapter7/chap7_ws/install/fishbot_description/share/fishbot_description/local_setup.zsh
[0.087s] -- Up-to-date: /home/eiche/YXros/chapter7/chap7_ws/install/fishbot_description/share/fishbot_description/local_setup.dsv
[0.087s] -- Installing: /home/eiche/YXros/chapter7/chap7_ws/install/fishbot_description/share/fishbot_description/package.dsv
[0.087s] -- Up-to-date: /home/eiche/YXros/chapter7/chap7_ws/install/fishbot_description/share/ament_index/resource_index/packages/fishbot_description
[0.087s] -- Up-to-date: /home/eiche/YXros/chapter7/chap7_ws/install/fishbot_description/share/fishbot_description/cmake/fishbot_descriptionConfig.cmake
[0.087s] -- Up-to-date: /home/eiche/YXros/chapter7/chap7_ws/install/fishbot_description/share/fishbot_description/cmake/fishbot_descriptionConfig-version.cmake
[0.087s] -- Up-to-date: /home/eiche/YXros/chapter7/chap7_ws/install/fishbot_description/share/fishbot_description/package.xml
[0.100s] Invoked command in '/home/eiche/YXros/chapter7/chap7_ws/build/fishbot_description' returned '0': CMAKE_PREFIX_PATH=/opt/ros/galactic:${CMAKE_PREFIX_PATH} /usr/bin/cmake --install /home/eiche/YXros/chapter7/chap7_ws/build/fishbot_description
