[0.018s] Invoking command in '/home/eiche/YXros/chapter7/chap7_ws/build/fishbot_description': CMAKE_PREFIX_PATH=${CMAKE_PREFIX_PATH}:/opt/ros/galactic /usr/bin/cmake /home/eiche/YXros/chapter7/chap7_ws/fishbot_description -DCMAKE_INSTALL_PREFIX=/home/eiche/YXros/chapter7/chap7_ws/install/fishbot_description
[0.113s] -- The C compiler identification is GNU 9.4.0
[0.170s] -- The CXX compiler identification is GNU 9.4.0
[0.175s] -- Check for working C compiler: /usr/bin/cc
[0.234s] -- Check for working C compiler: /usr/bin/cc -- works
[0.235s] -- Detecting C compiler ABI info
[0.277s] -- Detecting C compiler ABI info - done
[0.286s] -- Detecting C compile features
[0.286s] -- Detecting C compile features - done
[0.288s] -- Check for working CXX compiler: /usr/bin/c++
[0.347s] -- Check for working CXX compiler: /usr/bin/c++ -- works
[0.348s] -- Detecting CXX compiler ABI info
[0.401s] -- Detecting CXX compiler ABI info - done
[0.412s] -- Detecting CXX compile features
[0.413s] -- Detecting CXX compile features - done
[0.416s] -- Found ament_cmake: 1.1.6 (/opt/ros/galactic/share/ament_cmake/cmake)
[0.438s] -- Found PythonInterp: /usr/bin/python3 (found suitable version "3.8.10", minimum required is "3") 
[0.438s] -- Using PYTHON_EXECUTABLE: /usr/bin/python3
[0.503s] -- Found ament_lint_auto: 0.10.7 (/opt/ros/galactic/share/ament_lint_auto/cmake)
[0.560s] -- Added test 'copyright' to check source files copyright and LICENSE
[0.562s] -- Added test 'flake8' to check Python code syntax and style conventions
[0.562s] -- Added test 'lint_cmake' to check CMake code style
[0.563s] -- Added test 'pep257' to check Python code against some of the style conventions in PEP 257
[0.564s] -- Added test 'xmllint' to check XML markup files
[0.565s] -- Configuring done
[0.566s] -- Generating done
[0.566s] -- Build files have been written to: /home/eiche/YXros/chapter7/chap7_ws/build/fishbot_description
[0.572s] Invoked command in '/home/eiche/YXros/chapter7/chap7_ws/build/fishbot_description' returned '0': CMAKE_PREFIX_PATH=${CMAKE_PREFIX_PATH}:/opt/ros/galactic /usr/bin/cmake /home/eiche/YXros/chapter7/chap7_ws/fishbot_description -DCMAKE_INSTALL_PREFIX=/home/eiche/YXros/chapter7/chap7_ws/install/fishbot_description
[0.573s] Invoking command in '/home/eiche/YXros/chapter7/chap7_ws/build/fishbot_description': CMAKE_PREFIX_PATH=${CMAKE_PREFIX_PATH}:/opt/ros/galactic /usr/bin/cmake --build /home/eiche/YXros/chapter7/chap7_ws/build/fishbot_description -- -j12 -l12
[0.604s] Invoked command in '/home/eiche/YXros/chapter7/chap7_ws/build/fishbot_description' returned '0': CMAKE_PREFIX_PATH=${CMAKE_PREFIX_PATH}:/opt/ros/galactic /usr/bin/cmake --build /home/eiche/YXros/chapter7/chap7_ws/build/fishbot_description -- -j12 -l12
[0.630s] Invoking command in '/home/eiche/YXros/chapter7/chap7_ws/build/fishbot_description': CMAKE_PREFIX_PATH=${CMAKE_PREFIX_PATH}:/opt/ros/galactic /usr/bin/cmake --install /home/eiche/YXros/chapter7/chap7_ws/build/fishbot_description
[0.635s] -- Install configuration: ""
[0.635s] -- Installing: /home/eiche/YXros/chapter7/chap7_ws/install/fishbot_description/share/fishbot_description/launch
[0.635s] -- Installing: /home/eiche/YXros/chapter7/chap7_ws/install/fishbot_description/share/fishbot_description/launch/gazebo.sim.launch.py
[0.635s] -- Installing: /home/eiche/YXros/chapter7/chap7_ws/install/fishbot_description/share/fishbot_description/launch/__pycache__
[0.635s] -- Installing: /home/eiche/YXros/chapter7/chap7_ws/install/fishbot_description/share/fishbot_description/launch/__pycache__/display_robot.launch.cpython-38.pyc
[0.635s] -- Installing: /home/eiche/YXros/chapter7/chap7_ws/install/fishbot_description/share/fishbot_description/launch/display_robot.launch.py
[0.636s] -- Installing: /home/eiche/YXros/chapter7/chap7_ws/install/fishbot_description/share/fishbot_description/urdf
[0.636s] -- Installing: /home/eiche/YXros/chapter7/chap7_ws/install/fishbot_description/share/fishbot_description/urdf/first_robot.pdf
[0.636s] -- Installing: /home/eiche/YXros/chapter7/chap7_ws/install/fishbot_description/share/fishbot_description/urdf/first_robot.urdf
[0.636s] -- Installing: /home/eiche/YXros/chapter7/chap7_ws/install/fishbot_description/share/fishbot_description/urdf/first_robot.gv
[0.636s] -- Installing: /home/eiche/YXros/chapter7/chap7_ws/install/fishbot_description/share/fishbot_description/urdf/fishbot
[0.636s] -- Installing: /home/eiche/YXros/chapter7/chap7_ws/install/fishbot_description/share/fishbot_description/urdf/fishbot/base.urdf.xacro
[0.636s] -- Installing: /home/eiche/YXros/chapter7/chap7_ws/install/fishbot_description/share/fishbot_description/urdf/fishbot/plugins
[0.636s] -- Installing: /home/eiche/YXros/chapter7/chap7_ws/install/fishbot_description/share/fishbot_description/urdf/fishbot/plugins/gazebo_sensor_plugin.xacro
[0.636s] -- Installing: /home/eiche/YXros/chapter7/chap7_ws/install/fishbot_description/share/fishbot_description/urdf/fishbot/plugins/gazebo_control_plugin.xacro
[0.636s] -- Installing: /home/eiche/YXros/chapter7/chap7_ws/install/fishbot_description/share/fishbot_description/urdf/fishbot/fishbot.ros2_control.xacro
[0.636s] -- Installing: /home/eiche/YXros/chapter7/chap7_ws/install/fishbot_description/share/fishbot_description/urdf/fishbot/actuator
[0.636s] -- Installing: /home/eiche/YXros/chapter7/chap7_ws/install/fishbot_description/share/fishbot_description/urdf/fishbot/actuator/wheel.urdf.xacro
[0.636s] -- Installing: /home/eiche/YXros/chapter7/chap7_ws/install/fishbot_description/share/fishbot_description/urdf/fishbot/actuator/caster.urdf.xacro
[0.636s] -- Installing: /home/eiche/YXros/chapter7/chap7_ws/install/fishbot_description/share/fishbot_description/urdf/fishbot/commen_inertia.xacro
[0.636s] -- Installing: /home/eiche/YXros/chapter7/chap7_ws/install/fishbot_description/share/fishbot_description/urdf/fishbot/sensor
[0.636s] -- Installing: /home/eiche/YXros/chapter7/chap7_ws/install/fishbot_description/share/fishbot_description/urdf/fishbot/sensor/camera.urdf.xacro
[0.636s] -- Installing: /home/eiche/YXros/chapter7/chap7_ws/install/fishbot_description/share/fishbot_description/urdf/fishbot/sensor/imu.urdf.xacro
[0.636s] -- Installing: /home/eiche/YXros/chapter7/chap7_ws/install/fishbot_description/share/fishbot_description/urdf/fishbot/sensor/lidar.urdf.xacro
[0.636s] -- Installing: /home/eiche/YXros/chapter7/chap7_ws/install/fishbot_description/share/fishbot_description/urdf/fishbot/fishbot.urdf.xacro
[0.636s] -- Installing: /home/eiche/YXros/chapter7/chap7_ws/install/fishbot_description/share/fishbot_description/urdf/first_robot.xacro
[0.637s] -- Installing: /home/eiche/YXros/chapter7/chap7_ws/install/fishbot_description/share/fishbot_description/config
[0.637s] -- Installing: /home/eiche/YXros/chapter7/chap7_ws/install/fishbot_description/share/fishbot_description/config/fishbot_ros2_controller.yaml
[0.637s] -- Installing: /home/eiche/YXros/chapter7/chap7_ws/install/fishbot_description/share/fishbot_description/config/display_robot_model.rviz
[0.637s] -- Installing: /home/eiche/YXros/chapter7/chap7_ws/install/fishbot_description/share/fishbot_description/world
[0.637s] -- Installing: /home/eiche/YXros/chapter7/chap7_ws/install/fishbot_description/share/fishbot_description/world/warehouse (copy).world
[0.637s] -- Installing: /home/eiche/YXros/chapter7/chap7_ws/install/fishbot_description/share/fishbot_description/world/warehouse.world
[0.637s] -- Installing: /home/eiche/YXros/chapter7/chap7_ws/install/fishbot_description/share/fishbot_description/world/lager
[0.637s] -- Installing: /home/eiche/YXros/chapter7/chap7_ws/install/fishbot_description/share/fishbot_description/world/lager/lager
[0.637s] -- Installing: /home/eiche/YXros/chapter7/chap7_ws/install/fishbot_description/share/fishbot_description/world/lager/lager/warehouse.world
[0.637s] -- Installing: /home/eiche/YXros/chapter7/chap7_ws/install/fishbot_description/share/fishbot_description/world/lager/lager/model.sdf
[0.637s] -- Installing: /home/eiche/YXros/chapter7/chap7_ws/install/fishbot_description/share/fishbot_description/world/lager/lager/model.config
[0.637s] -- Installing: /home/eiche/YXros/chapter7/chap7_ws/install/fishbot_description/share/fishbot_description/world/custom_room.world
[0.637s] -- Installing: /home/eiche/YXros/chapter7/chap7_ws/install/fishbot_description/share/fishbot_description/world/room2
[0.637s] -- Installing: /home/eiche/YXros/chapter7/chap7_ws/install/fishbot_description/share/fishbot_description/world/room2/model.sdf
[0.637s] -- Installing: /home/eiche/YXros/chapter7/chap7_ws/install/fishbot_description/share/fishbot_description/world/room2/model.config
[0.637s] -- Installing: /home/eiche/YXros/chapter7/chap7_ws/install/fishbot_description/share/fishbot_description/world/sudo_room
[0.637s] -- Installing: /home/eiche/YXros/chapter7/chap7_ws/install/fishbot_description/share/fishbot_description/world/sudo_room/model.config
[0.637s] -- Installing: /home/eiche/YXros/chapter7/chap7_ws/install/fishbot_description/share/fishbot_description/world/sudo_room/custiom_room.world
[0.637s] -- Installing: /home/eiche/YXros/chapter7/chap7_ws/install/fishbot_description/share/ament_index/resource_index/package_run_dependencies/fishbot_description
[0.637s] -- Installing: /home/eiche/YXros/chapter7/chap7_ws/install/fishbot_description/share/ament_index/resource_index/parent_prefix_path/fishbot_description
[0.637s] -- Installing: /home/eiche/YXros/chapter7/chap7_ws/install/fishbot_description/share/fishbot_description/environment/ament_prefix_path.sh
[0.637s] -- Installing: /home/eiche/YXros/chapter7/chap7_ws/install/fishbot_description/share/fishbot_description/environment/ament_prefix_path.dsv
[0.638s] -- Installing: /home/eiche/YXros/chapter7/chap7_ws/install/fishbot_description/share/fishbot_description/environment/path.sh
[0.638s] -- Installing: /home/eiche/YXros/chapter7/chap7_ws/install/fishbot_description/share/fishbot_description/environment/path.dsv
[0.638s] -- Installing: /home/eiche/YXros/chapter7/chap7_ws/install/fishbot_description/share/fishbot_description/local_setup.bash
[0.638s] -- Installing: /home/eiche/YXros/chapter7/chap7_ws/install/fishbot_description/share/fishbot_description/local_setup.sh
[0.638s] -- Installing: /home/eiche/YXros/chapter7/chap7_ws/install/fishbot_description/share/fishbot_description/local_setup.zsh
[0.638s] -- Installing: /home/eiche/YXros/chapter7/chap7_ws/install/fishbot_description/share/fishbot_description/local_setup.dsv
[0.638s] -- Installing: /home/eiche/YXros/chapter7/chap7_ws/install/fishbot_description/share/fishbot_description/package.dsv
[0.638s] -- Installing: /home/eiche/YXros/chapter7/chap7_ws/install/fishbot_description/share/ament_index/resource_index/packages/fishbot_description
[0.638s] -- Installing: /home/eiche/YXros/chapter7/chap7_ws/install/fishbot_description/share/fishbot_description/cmake/fishbot_descriptionConfig.cmake
[0.638s] -- Installing: /home/eiche/YXros/chapter7/chap7_ws/install/fishbot_description/share/fishbot_description/cmake/fishbot_descriptionConfig-version.cmake
[0.638s] -- Installing: /home/eiche/YXros/chapter7/chap7_ws/install/fishbot_description/share/fishbot_description/package.xml
[0.649s] Invoked command in '/home/eiche/YXros/chapter7/chap7_ws/build/fishbot_description' returned '0': CMAKE_PREFIX_PATH=${CMAKE_PREFIX_PATH}:/opt/ros/galactic /usr/bin/cmake --install /home/eiche/YXros/chapter7/chap7_ws/build/fishbot_description
