[0.016s] Invoking command in '/home/eiche/YXros/chapter7/chap7_ws/build/fishbot_navigation2': CMAKE_PREFIX_PATH=${CMAKE_PREFIX_PATH}:/opt/ros/galactic /usr/bin/cmake /home/eiche/YXros/chapter7/chap7_ws/fishbot_navigation2 -DCMAKE_INSTALL_PREFIX=/home/eiche/YXros/chapter7/chap7_ws/install/fishbot_navigation2
[0.100s] -- The C compiler identification is GNU 9.4.0
[0.159s] -- The CXX compiler identification is GNU 9.4.0
[0.165s] -- Check for working C compiler: /usr/bin/cc
[0.220s] -- Check for working C compiler: /usr/bin/cc -- works
[0.221s] -- Detecting C compiler ABI info
[0.266s] -- Detecting C compiler ABI info - done
[0.273s] -- Detecting C compile features
[0.274s] -- Detecting C compile features - done
[0.276s] -- Check for working CXX compiler: /usr/bin/c++
[0.337s] -- Check for working CXX compiler: /usr/bin/c++ -- works
[0.338s] -- Detecting CXX compiler ABI info
[0.391s] -- Detecting CXX compiler ABI info - done
[0.402s] -- Detecting CXX compile features
[0.402s] -- Detecting CXX compile features - done
[0.405s] -- Found ament_cmake: 1.1.6 (/opt/ros/galactic/share/ament_cmake/cmake)
[0.428s] -- Found PythonInterp: /usr/bin/python3 (found suitable version "3.8.10", minimum required is "3") 
[0.428s] -- Using PYTHON_EXECUTABLE: /usr/bin/python3
[0.492s] -- Found ament_lint_auto: 0.10.7 (/opt/ros/galactic/share/ament_lint_auto/cmake)
[0.549s] -- Added test 'copyright' to check source files copyright and LICENSE
[0.550s] -- Added test 'flake8' to check Python code syntax and style conventions
[0.551s] -- Added test 'lint_cmake' to check CMake code style
[0.551s] -- Added test 'pep257' to check Python code against some of the style conventions in PEP 257
[0.552s] -- Added test 'xmllint' to check XML markup files
[0.554s] -- Configuring done
[0.554s] -- Generating done
[0.555s] -- Build files have been written to: /home/eiche/YXros/chapter7/chap7_ws/build/fishbot_navigation2
[0.558s] Invoked command in '/home/eiche/YXros/chapter7/chap7_ws/build/fishbot_navigation2' returned '0': CMAKE_PREFIX_PATH=${CMAKE_PREFIX_PATH}:/opt/ros/galactic /usr/bin/cmake /home/eiche/YXros/chapter7/chap7_ws/fishbot_navigation2 -DCMAKE_INSTALL_PREFIX=/home/eiche/YXros/chapter7/chap7_ws/install/fishbot_navigation2
[0.560s] Invoking command in '/home/eiche/YXros/chapter7/chap7_ws/build/fishbot_navigation2': CMAKE_PREFIX_PATH=${CMAKE_PREFIX_PATH}:/opt/ros/galactic /usr/bin/cmake --build /home/eiche/YXros/chapter7/chap7_ws/build/fishbot_navigation2 -- -j12 -l12
[0.589s] Invoked command in '/home/eiche/YXros/chapter7/chap7_ws/build/fishbot_navigation2' returned '0': CMAKE_PREFIX_PATH=${CMAKE_PREFIX_PATH}:/opt/ros/galactic /usr/bin/cmake --build /home/eiche/YXros/chapter7/chap7_ws/build/fishbot_navigation2 -- -j12 -l12
[0.615s] Invoking command in '/home/eiche/YXros/chapter7/chap7_ws/build/fishbot_navigation2': CMAKE_PREFIX_PATH=${CMAKE_PREFIX_PATH}:/opt/ros/galactic /usr/bin/cmake --install /home/eiche/YXros/chapter7/chap7_ws/build/fishbot_navigation2
[0.622s] -- Install configuration: ""
[0.622s] -- Installing: /home/eiche/YXros/chapter7/chap7_ws/install/fishbot_navigation2/share/fishbot_navigation2/launch
[0.622s] -- Installing: /home/eiche/YXros/chapter7/chap7_ws/install/fishbot_navigation2/share/fishbot_navigation2/launch/navigation2.launch.py
[0.622s] -- Installing: /home/eiche/YXros/chapter7/chap7_ws/install/fishbot_navigation2/share/fishbot_navigation2/config
[0.622s] -- Installing: /home/eiche/YXros/chapter7/chap7_ws/install/fishbot_navigation2/share/fishbot_navigation2/config/nav2_params.yaml
[0.622s] -- Installing: /home/eiche/YXros/chapter7/chap7_ws/install/fishbot_navigation2/share/fishbot_navigation2/maps
[0.622s] -- Installing: /home/eiche/YXros/chapter7/chap7_ws/install/fishbot_navigation2/share/fishbot_navigation2/maps/room.pgm
[0.622s] -- Installing: /home/eiche/YXros/chapter7/chap7_ws/install/fishbot_navigation2/share/fishbot_navigation2/maps/room.yaml
[0.622s] -- Installing: /home/eiche/YXros/chapter7/chap7_ws/install/fishbot_navigation2/share/ament_index/resource_index/package_run_dependencies/fishbot_navigation2
[0.622s] -- Installing: /home/eiche/YXros/chapter7/chap7_ws/install/fishbot_navigation2/share/ament_index/resource_index/parent_prefix_path/fishbot_navigation2
[0.623s] -- Installing: /home/eiche/YXros/chapter7/chap7_ws/install/fishbot_navigation2/share/fishbot_navigation2/environment/ament_prefix_path.sh
[0.623s] -- Installing: /home/eiche/YXros/chapter7/chap7_ws/install/fishbot_navigation2/share/fishbot_navigation2/environment/ament_prefix_path.dsv
[0.623s] -- Installing: /home/eiche/YXros/chapter7/chap7_ws/install/fishbot_navigation2/share/fishbot_navigation2/environment/path.sh
[0.623s] -- Installing: /home/eiche/YXros/chapter7/chap7_ws/install/fishbot_navigation2/share/fishbot_navigation2/environment/path.dsv
[0.623s] -- Installing: /home/eiche/YXros/chapter7/chap7_ws/install/fishbot_navigation2/share/fishbot_navigation2/local_setup.bash
[0.623s] -- Installing: /home/eiche/YXros/chapter7/chap7_ws/install/fishbot_navigation2/share/fishbot_navigation2/local_setup.sh
[0.623s] -- Installing: /home/eiche/YXros/chapter7/chap7_ws/install/fishbot_navigation2/share/fishbot_navigation2/local_setup.zsh
[0.623s] -- Installing: /home/eiche/YXros/chapter7/chap7_ws/install/fishbot_navigation2/share/fishbot_navigation2/local_setup.dsv
[0.623s] -- Installing: /home/eiche/YXros/chapter7/chap7_ws/install/fishbot_navigation2/share/fishbot_navigation2/package.dsv
[0.623s] -- Installing: /home/eiche/YXros/chapter7/chap7_ws/install/fishbot_navigation2/share/ament_index/resource_index/packages/fishbot_navigation2
[0.623s] -- Installing: /home/eiche/YXros/chapter7/chap7_ws/install/fishbot_navigation2/share/fishbot_navigation2/cmake/fishbot_navigation2Config.cmake
[0.623s] -- Installing: /home/eiche/YXros/chapter7/chap7_ws/install/fishbot_navigation2/share/fishbot_navigation2/cmake/fishbot_navigation2Config-version.cmake
[0.624s] -- Installing: /home/eiche/YXros/chapter7/chap7_ws/install/fishbot_navigation2/share/fishbot_navigation2/package.xml
[0.624s] Invoked command in '/home/eiche/YXros/chapter7/chap7_ws/build/fishbot_navigation2' returned '0': CMAKE_PREFIX_PATH=${CMAKE_PREFIX_PATH}:/opt/ros/galactic /usr/bin/cmake --install /home/eiche/YXros/chapter7/chap7_ws/build/fishbot_navigation2
