[0.013s] Invoking command in '/home/eiche/YXros/chapter7/chap7_ws/build/fishbot_navigation2': CMAKE_PREFIX_PATH=${CMAKE_PREFIX_PATH}:/opt/ros/galactic /usr/bin/cmake --build /home/eiche/YXros/chapter7/chap7_ws/build/fishbot_navigation2 -- -j12 -l12
[0.049s] Invoked command in '/home/eiche/YXros/chapter7/chap7_ws/build/fishbot_navigation2' returned '0': CMAKE_PREFIX_PATH=${CMAKE_PREFIX_PATH}:/opt/ros/galactic /usr/bin/cmake --build /home/eiche/YXros/chapter7/chap7_ws/build/fishbot_navigation2 -- -j12 -l12
[0.069s] Invoking command in '/home/eiche/YXros/chapter7/chap7_ws/build/fishbot_navigation2': CMAKE_PREFIX_PATH=${CMAKE_PREFIX_PATH}:/opt/ros/galactic /usr/bin/cmake --install /home/eiche/YXros/chapter7/chap7_ws/build/fishbot_navigation2
[0.074s] -- Install configuration: ""
[0.074s] -- Up-to-date: /home/eiche/YXros/chapter7/chap7_ws/install/fishbot_navigation2/share/fishbot_navigation2/launch
[0.074s] -- Up-to-date: /home/eiche/YXros/chapter7/chap7_ws/install/fishbot_navigation2/share/fishbot_navigation2/launch/navigation2.launch.py
[0.074s] -- Up-to-date: /home/eiche/YXros/chapter7/chap7_ws/install/fishbot_navigation2/share/fishbot_navigation2/config
[0.074s] -- Up-to-date: /home/eiche/YXros/chapter7/chap7_ws/install/fishbot_navigation2/share/fishbot_navigation2/config/nav2_params.yaml
[0.075s] -- Up-to-date: /home/eiche/YXros/chapter7/chap7_ws/install/fishbot_navigation2/share/fishbot_navigation2/maps
[0.075s] -- Up-to-date: /home/eiche/YXros/chapter7/chap7_ws/install/fishbot_navigation2/share/fishbot_navigation2/maps/room.pgm
[0.075s] -- Up-to-date: /home/eiche/YXros/chapter7/chap7_ws/install/fishbot_navigation2/share/fishbot_navigation2/maps/room.yaml
[0.075s] -- Up-to-date: /home/eiche/YXros/chapter7/chap7_ws/install/fishbot_navigation2/share/ament_index/resource_index/package_run_dependencies/fishbot_navigation2
[0.075s] -- Up-to-date: /home/eiche/YXros/chapter7/chap7_ws/install/fishbot_navigation2/share/ament_index/resource_index/parent_prefix_path/fishbot_navigation2
[0.075s] -- Up-to-date: /home/eiche/YXros/chapter7/chap7_ws/install/fishbot_navigation2/share/fishbot_navigation2/environment/ament_prefix_path.sh
[0.075s] -- Up-to-date: /home/eiche/YXros/chapter7/chap7_ws/install/fishbot_navigation2/share/fishbot_navigation2/environment/ament_prefix_path.dsv
[0.075s] -- Up-to-date: /home/eiche/YXros/chapter7/chap7_ws/install/fishbot_navigation2/share/fishbot_navigation2/environment/path.sh
[0.075s] -- Up-to-date: /home/eiche/YXros/chapter7/chap7_ws/install/fishbot_navigation2/share/fishbot_navigation2/environment/path.dsv
[0.075s] -- Up-to-date: /home/eiche/YXros/chapter7/chap7_ws/install/fishbot_navigation2/share/fishbot_navigation2/local_setup.bash
[0.075s] -- Up-to-date: /home/eiche/YXros/chapter7/chap7_ws/install/fishbot_navigation2/share/fishbot_navigation2/local_setup.sh
[0.075s] -- Up-to-date: /home/eiche/YXros/chapter7/chap7_ws/install/fishbot_navigation2/share/fishbot_navigation2/local_setup.zsh
[0.075s] -- Up-to-date: /home/eiche/YXros/chapter7/chap7_ws/install/fishbot_navigation2/share/fishbot_navigation2/local_setup.dsv
[0.075s] -- Installing: /home/eiche/YXros/chapter7/chap7_ws/install/fishbot_navigation2/share/fishbot_navigation2/package.dsv
[0.075s] -- Up-to-date: /home/eiche/YXros/chapter7/chap7_ws/install/fishbot_navigation2/share/ament_index/resource_index/packages/fishbot_navigation2
[0.075s] -- Up-to-date: /home/eiche/YXros/chapter7/chap7_ws/install/fishbot_navigation2/share/fishbot_navigation2/cmake/fishbot_navigation2Config.cmake
[0.076s] -- Up-to-date: /home/eiche/YXros/chapter7/chap7_ws/install/fishbot_navigation2/share/fishbot_navigation2/cmake/fishbot_navigation2Config-version.cmake
[0.076s] -- Up-to-date: /home/eiche/YXros/chapter7/chap7_ws/install/fishbot_navigation2/share/fishbot_navigation2/package.xml
[0.087s] Invoked command in '/home/eiche/YXros/chapter7/chap7_ws/build/fishbot_navigation2' returned '0': CMAKE_PREFIX_PATH=${CMAKE_PREFIX_PATH}:/opt/ros/galactic /usr/bin/cmake --install /home/eiche/YXros/chapter7/chap7_ws/build/fishbot_navigation2
